2019-01-20 DEBUG [main] (Log4J.java:18) - This is a Debug
2019-01-20  INFO [main] (Log4J.java:19) - This is an Info
2019-01-20  WARN [main] (Log4J.java:20) - This is a Warn
2019-01-20 ERROR [main] (Log4J.java:21) - This is an Error
2019-01-20 FATAL [main] (Log4J.java:22) - This is a Fatal
2019-01-20 DEBUG [main] (Log4J.java:18) - This is a Debug
2019-01-20  INFO [main] (Log4J.java:19) - This is an Info
2019-01-20  WARN [main] (Log4J.java:20) - This is a Warn
2019-01-20 ERROR [main] (Log4J.java:21) - This is an Error
2019-01-20 FATAL [main] (Log4J.java:22) - This is a Fatal
2019-01-20 DEBUG [main] (Log4J.java:18) - This is a Debug
2019-01-20  INFO [main] (Log4J.java:19) - This is an Info
2019-01-20  WARN [main] (Log4J.java:20) - This is a Warn
2019-01-20 ERROR [main] (Log4J.java:21) - This is an Error
2019-01-20 FATAL [main] (Log4J.java:22) - This is a Fatal
2019-01-20 DEBUG [main] (Log4J.java:18) - This is a Debug
2019-01-20  INFO [main] (Log4J.java:19) - This is an Info
2019-01-20  WARN [main] (Log4J.java:20) - This is a Warn
2019-01-20 ERROR [main] (Log4J.java:21) - This is an Error
2019-01-20 FATAL [main] (Log4J.java:22) - This is a Fatal
2019-01-20 DEBUG [main] (Log4J.java:18) - This is a Debug
2019-01-20  INFO [main] (Log4J.java:19) - This is an Info
2019-01-20  WARN [main] (Log4J.java:20) - This is a Warn
2019-01-20 ERROR [main] (Log4J.java:21) - This is an Error
2019-01-20 FATAL [main] (Log4J.java:22) - This is a Fatal
2019-01-20 DEBUG [main] (Log4J.java:19) - This is a Debug
2019-01-20  INFO [main] (Log4J.java:20) - This is an Info
2019-01-20  WARN [main] (Log4J.java:21) - This is a Warn
2019-01-20 ERROR [main] (Log4J.java:22) - This is an Error
2019-01-20 FATAL [main] (Log4J.java:23) - This is a Fatal
2019-01-20 DEBUG [main] (Log4J.java:19) - This is a Debug
2019-01-20  INFO [main] (Log4J.java:20) - This is an Info
2019-01-20  WARN [main] (Log4J.java:21) - This is a Warn
2019-01-20 ERROR [main] (Log4J.java:22) - This is an Error
2019-01-20 FATAL [main] (Log4J.java:23) - This is a Fatal
2019-01-20 DEBUG [main] (Log4J.java:19) - This is a Debug
2019-01-20  INFO [main] (Log4J.java:20) - This is an Info
2019-01-20  WARN [main] (Log4J.java:21) - This is a Warn
2019-01-20 ERROR [main] (Log4J.java:22) - This is an Error
2019-01-20 FATAL [main] (Log4J.java:23) - This is a Fatal
2019-01-20 DEBUG [main] (Log4J.java:19) - This is a Debug
2019-01-20  INFO [main] (Log4J.java:20) - This is an Info
2019-01-20  WARN [main] (Log4J.java:21) - This is a Warn
2019-01-20 ERROR [main] (Log4J.java:22) - This is an Error
2019-01-20 FATAL [main] (Log4J.java:23) - This is a Fatal
